\BOOKMARK [1][-]{section*.1}{\376\377\000Q\000u\000e\000s\000t\000i\000o\000n\000\040\0001\000\051}{}% 1
\BOOKMARK [2][-]{section*.2}{\376\377\000a\000\051}{section*.1}% 2
\BOOKMARK [3][-]{section*.3}{\376\377\000i\000\051}{section*.2}% 3
\BOOKMARK [3][-]{section*.4}{\376\377\000i\000\051}{section*.2}% 4
\BOOKMARK [2][-]{section*.5}{\376\377\000b\000\051}{section*.1}% 5
\BOOKMARK [2][-]{section*.6}{\376\377\000c\000\051}{section*.1}% 6
\BOOKMARK [2][-]{section*.7}{\376\377\000d\000\051}{section*.1}% 7
\BOOKMARK [2][-]{section*.8}{\376\377\000e\000\051}{section*.1}% 8
\BOOKMARK [2][-]{section*.9}{\376\377\000f\000\051}{section*.1}% 9
\BOOKMARK [3][-]{section*.10}{\376\377\000i\000\051}{section*.9}% 10
\BOOKMARK [3][-]{section*.11}{\376\377\000i\000i\000\051}{section*.9}% 11
\BOOKMARK [3][-]{section*.12}{\376\377\000i\000i\000i\000\051}{section*.9}% 12
\BOOKMARK [2][-]{section*.13}{\376\377\000g\000\051}{section*.1}% 13
\BOOKMARK [2][-]{section*.14}{\376\377\000h\000\051}{section*.1}% 14
\BOOKMARK [2][-]{section*.15}{\376\377\000i\000\040\000a\000n\000d\000\040\000j\000\051}{section*.1}% 15
\BOOKMARK [1][-]{section*.16}{\376\377\000Q\000u\000e\000s\000t\000i\000o\000n\000\040\0002\000\051}{}% 16
\BOOKMARK [2][-]{section*.17}{\376\377\000a\000:\000d\000\051\000\040\000S\000k\000i\000p\000\040\000d\000i\000d\000n\000'\000t\000\040\000s\000t\000u\000d\000y\000\040\000t\000h\000i\000s}{section*.16}% 17
\BOOKMARK [1][-]{section*.18}{\376\377\000Q\000u\000e\000s\000t\000i\000o\000n\000\040\0003\000\051}{}% 18
\BOOKMARK [2][-]{section*.19}{\376\377\000a\000\051}{section*.18}% 19
\BOOKMARK [2][-]{section*.20}{\376\377\000b\000\051}{section*.18}% 20
\BOOKMARK [2][-]{section*.21}{\376\377\000c\000\051}{section*.18}% 21
\BOOKMARK [2][-]{section*.22}{\376\377\000d\000\051}{section*.18}% 22
\BOOKMARK [1][-]{section*.23}{\376\377\000Q\000u\000e\000s\000t\000i\000o\000n\000\040\0004\000\051}{}% 23
\BOOKMARK [2][-]{section*.24}{\376\377\000a\000\051}{section*.23}% 24
\BOOKMARK [2][-]{section*.25}{\376\377\000b\000\051}{section*.23}% 25
\BOOKMARK [2][-]{section*.26}{\376\377\000c\000\051}{section*.23}% 26
\BOOKMARK [1][-]{section*.27}{\376\377\000Q\000u\000e\000s\000t\000i\000o\000n\000\040\0005\000\051}{}% 27
\BOOKMARK [2][-]{section*.28}{\376\377\000a\000\051}{section*.27}% 28
\BOOKMARK [2][-]{section*.29}{\376\377\000b\000\051}{section*.27}% 29
\BOOKMARK [1][-]{section*.30}{\376\377\000Q\000u\000e\000s\000t\000i\000o\000n\000\040\0006\000\051}{}% 30
\BOOKMARK [1][-]{section*.31}{\376\377\000Q\000u\000e\000s\000t\000i\000o\000n\000\040\0007\000\051}{}% 31
\BOOKMARK [1][-]{section*.32}{\376\377\000Q\000u\000e\000s\000t\000i\000o\000n\000\040\0008\000\051}{}% 32
\BOOKMARK [2][-]{section*.33}{\376\377\000a\000\051}{section*.32}% 33
\BOOKMARK [2][-]{section*.34}{\376\377\000b\000\051}{section*.32}% 34
\BOOKMARK [1][-]{section*.35}{\376\377\000Q\000u\000e\000s\000t\000i\000o\000n\000\040\0009\000\051\000\040\000R\000E\000G\000S\000U\000B\000S\000E\000T\000S\000\040\000\050\000D\000i\000d\000n\000t\000\040\000S\000t\000u\000d\000y\000\040\000t\000h\000i\000s\000\051}{}% 35
\BOOKMARK [1][-]{section*.36}{\376\377\000Q\000u\000e\000s\000t\000i\000o\000n\000\040\0001\0000\000\051}{}% 36
\BOOKMARK [2][-]{section*.37}{\376\377\000a\000\051}{section*.36}% 37
\BOOKMARK [2][-]{section*.38}{\376\377\000b\000\051}{section*.36}% 38
\BOOKMARK [2][-]{section*.39}{\376\377\000c\000\051}{section*.36}% 39
\BOOKMARK [2][-]{section*.40}{\376\377\000d\000\051}{section*.36}% 40
\BOOKMARK [2][-]{section*.41}{\376\377\000e\000\051}{section*.36}% 41
